# JRE version: Java(TM) SE Runtime Environment (8.0_101-b13) (build 1.8.0_101-b13)
# Java VM: Java HotSpot(TM) 64-Bit Server VM (25.101-b13 mixed mode windows-amd64 compressed oops)
Heap:
 PSYoungGen      total 465920K, used 127686K [0x00000000d5580000, 0x0000000100000000, 0x0000000100000000)
  eden space 232960K, 54% used [0x00000000d5580000,0x00000000dd2318a8,0x00000000e3900000)
  from space 232960K, 0% used [0x00000000e3900000,0x00000000e3900000,0x00000000f1c80000)
  to   space 232960K, 0% used [0x00000000f1c80000,0x00000000f1c80000,0x0000000100000000)
 ParOldGen       total 385536K, used 61920K [0x0000000080000000, 0x0000000097880000, 0x00000000d5580000)
  object space 385536K, 16% used [0x0000000080000000,0x0000000083c78260,0x0000000097880000)
 Metaspace       used 66287K, capacity 68062K, committed 68224K, reserved 1107968K
  class space    used 8387K, capacity 8789K, committed 8832K, reserved 1048576K
GC Heap History (10 events):
Event: 730.286 GC heap before
{Heap before GC invocations=99 (full 14):
 PSYoungGen      total 465920K, used 3589K [0x00000000d5580000, 0x0000000100000000, 0x0000000100000000)
  eden space 232960K, 1% used [0x00000000d5580000,0x00000000d5901798,0x00000000e3900000)
  from space 232960K, 0% used [0x00000000f1c80000,0x00000000f1c80000,0x0000000100000000)
  to   space 232960K, 0% used [0x00000000e3900000,0x00000000e3900000,0x00000000f1c80000)
 ParOldGen       total 385536K, used 146882K [0x0000000080000000, 0x0000000097880000, 0x00000000d5580000)
  object space 385536K, 38% used [0x0000000080000000,0x0000000088f70848,0x0000000097880000)
 Metaspace       used 65829K, capacity 67352K, committed 67712K, reserved 1107968K
  class space    used 8339K, capacity 8716K, committed 8832K, reserved 1048576K
Event: 730.301 GC heap after
Heap after GC invocations=99 (full 14):
 PSYoungGen      total 465920K, used 128K [0x00000000d5580000, 0x0000000100000000, 0x0000000100000000)
  eden space 232960K, 0% used [0x00000000d5580000,0x00000000d5580000,0x00000000e3900000)
  from space 232960K, 0% used [0x00000000e3900000,0x00000000e3920000,0x00000000f1c80000)
  to   space 232960K, 0% used [0x00000000f1c80000,0x00000000f1c80000,0x0000000100000000)
 ParOldGen       total 385536K, used 146882K [0x0000000080000000, 0x0000000097880000, 0x00000000d5580000)
  object space 385536K, 38% used [0x0000000080000000,0x0000000088f70848,0x0000000097880000)
 Metaspace       used 65829K, capacity 67352K, committed 67712K, reserved 1107968K
  class space    used 8339K, capacity 8716K, committed 8832K, reserved 1048576K
}
Event: 730.301 GC heap before
{Heap before GC invocations=100 (full 15):
 PSYoungGen      total 465920K, used 128K [0x00000000d5580000, 0x0000000100000000, 0x0000000100000000)
  eden space 232960K, 0% used [0x00000000d5580000,0x00000000d5580000,0x00000000e3900000)
  from space 232960K, 0% used [0x00000000e3900000,0x00000000e3920000,0x00000000f1c80000)
  to   space 232960K, 0% used [0x00000000f1c80000,0x00000000f1c80000,0x0000000100000000)
 ParOldGen       total 385536K, used 146882K [0x0000000080000000, 0x0000000097880000, 0x00000000d5580000)
  object space 385536K, 38% used [0x0000000080000000,0x0000000088f70848,0x0000000097880000)
 Metaspace       used 65829K, capacity 67352K, committed 67712K, reserved 1107968K
  class space    used 8339K, capacity 8716K, committed 8832K, reserved 1048576K
Event: 731.202 GC heap after
Heap after GC invocations=100 (full 15):
 PSYoungGen      total 465920K, used 0K [0x00000000d5580000, 0x0000000100000000, 0x0000000100000000)
  eden space 232960K, 0% used [0x00000000d5580000,0x00000000d5580000,0x00000000e3900000)
  from space 232960K, 0% used [0x00000000e3900000,0x00000000e3900000,0x00000000f1c80000)
  to   space 232960K, 0% used [0x00000000f1c80000,0x00000000f1c80000,0x0000000100000000)
 ParOldGen       total 385536K, used 61766K [0x0000000080000000, 0x0000000097880000, 0x00000000d5580000)
  object space 385536K, 16% used [0x0000000080000000,0x0000000083c51820,0x0000000097880000)
 Metaspace       used 65829K, capacity 67352K, committed 67712K, reserved 1107968K
  class space    used 8339K, capacity 8716K, committed 8832K, reserved 1048576K
}
Event: 909.029 GC heap before
{Heap before GC invocations=101 (full 15):
 PSYoungGen      total 465920K, used 232960K [0x00000000d5580000, 0x0000000100000000, 0x0000000100000000)
  eden space 232960K, 100% used [0x00000000d5580000,0x00000000e3900000,0x00000000e3900000)
  from space 232960K, 0% used [0x00000000e3900000,0x00000000e3900000,0x00000000f1c80000)
  to   space 232960K, 0% used [0x00000000f1c80000,0x00000000f1c80000,0x0000000100000000)
 ParOldGen       total 385536K, used 61766K [0x0000000080000000, 0x0000000097880000, 0x00000000d5580000)
  object space 385536K, 16% used [0x0000000080000000,0x0000000083c51820,0x0000000097880000)
 Metaspace       used 66115K, capacity 67868K, committed 67968K, reserved 1107968K
  class space    used 8375K, capacity 8774K, committed 8832K, reserved 1048576K
Event: 909.110 GC heap after
Heap after GC invocations=101 (full 15):
 PSYoungGen      total 465920K, used 8048K [0x00000000d5580000, 0x0000000100000000, 0x0000000100000000)
  eden space 232960K, 0% used [0x00000000d5580000,0x00000000d5580000,0x00000000e3900000)
  from space 232960K, 3% used [0x00000000f1c80000,0x00000000f245c010,0x0000000100000000)
  to   space 232960K, 0% used [0x00000000e3900000,0x00000000e3900000,0x00000000f1c80000)
 ParOldGen       total 385536K, used 61774K [0x0000000080000000, 0x0000000097880000, 0x00000000d5580000)
  object space 385536K, 16% used [0x0000000080000000,0x0000000083c53820,0x0000000097880000)
 Metaspace       used 66115K, capacity 67868K, committed 67968K, reserved 1107968K
  class space    used 8375K, capacity 8774K, committed 8832K, reserved 1048576K
}
Event: 911.929 GC heap before
{Heap before GC invocations=102 (full 15):
 PSYoungGen      total 465920K, used 34713K [0x00000000d5580000, 0x0000000100000000, 0x0000000100000000)
  eden space 232960K, 11% used [0x00000000d5580000,0x00000000d6f8a780,0x00000000e3900000)
  from space 232960K, 3% used [0x00000000f1c80000,0x00000000f245c010,0x0000000100000000)
  to   space 232960K, 0% used [0x00000000e3900000,0x00000000e3900000,0x00000000f1c80000)
 ParOldGen       total 385536K, used 61774K [0x0000000080000000, 0x0000000097880000, 0x00000000d5580000)
  object space 385536K, 16% used [0x0000000080000000,0x0000000083c53820,0x0000000097880000)
 Metaspace       used 66124K, capacity 67886K, committed 67968K, reserved 1107968K
  class space    used 8376K, capacity 8777K, committed 8832K, reserved 1048576K
Event: 911.948 GC heap after
Heap after GC invocations=102 (full 15):
 PSYoungGen      total 465920K, used 96K [0x00000000d5580000, 0x0000000100000000, 0x0000000100000000)
  eden space 232960K, 0% used [0x00000000d5580000,0x00000000d5580000,0x00000000e3900000)
  from space 232960K, 0% used [0x00000000e3900000,0x00000000e3918000,0x00000000f1c80000)
  to   space 232960K, 0% used [0x00000000f1c80000,0x00000000f1c80000,0x0000000100000000)
 ParOldGen       total 385536K, used 62302K [0x0000000080000000, 0x0000000097880000, 0x00000000d5580000)
  object space 385536K, 16% used [0x0000000080000000,0x0000000083cd78c8,0x0000000097880000)
 Metaspace       used 66124K, capacity 67886K, committed 67968K, reserved 1107968K
  class space    used 8376K, capacity 8777K, committed 8832K, reserved 1048576K
}
Event: 911.948 GC heap before
{Heap before GC invocations=103 (full 16):
 PSYoungGen      total 465920K, used 96K [0x00000000d5580000, 0x0000000100000000, 0x0000000100000000)
  eden space 232960K, 0% used [0x00000000d5580000,0x00000000d5580000,0x00000000e3900000)
  from space 232960K, 0% used [0x00000000e3900000,0x00000000e3918000,0x00000000f1c80000)
  to   space 232960K, 0% used [0x00000000f1c80000,0x00000000f1c80000,0x0000000100000000)
 ParOldGen       total 385536K, used 62302K [0x0000000080000000, 0x0000000097880000, 0x00000000d5580000)
  object space 385536K, 16% used [0x0000000080000000,0x0000000083cd78c8,0x0000000097880000)
 Metaspace       used 66124K, capacity 67886K, committed 67968K, reserved 1107968K
  class space    used 8376K, capacity 8777K, committed 8832K, reserved 1048576K
Event: 912.230 GC heap after
Heap after GC invocations=103 (full 16):
 PSYoungGen      total 465920K, used 0K [0x00000000d5580000, 0x0000000100000000, 0x0000000100000000)
  eden space 232960K, 0% used [0x00000000d5580000,0x00000000d5580000,0x00000000e3900000)
  from space 232960K, 0% used [0x00000000e3900000,0x00000000e3900000,0x00000000f1c80000)
  to   space 232960K, 0% used [0x00000000f1c80000,0x00000000f1c80000,0x0000000100000000)
 ParOldGen       total 385536K, used 61920K [0x0000000080000000, 0x0000000097880000, 0x00000000d5580000)
  object space 385536K, 16% used [0x0000000080000000,0x0000000083c78260,0x0000000097880000)
 Metaspace       used 66124K, capacity 67886K, committed 67968K, reserved 1107968K
  class space    used 8376K, capacity 8777K, committed 8832K, reserved 1048576K
}

